JAM log file

##n=2
Generation of all possible stacks .... TIME = 0.000653 seconds
Conversion to pseudocanonical forms .. TIME = 0.000640 seconds
Discrimination of equivalent stacks .. TIME = 0.004845 seconds
Conversion to JAM format:
00001) +0+0/+P+P/-P-P
.
.
00005) +0+P/+P+0/-P-P
See all JAM strings at jamstrings002.txt

##n=3
Generation of all possible stacks .... TIME = 0.000516 seconds
Conversion to pseudocanonical forms .. TIME = 0.000560 seconds
Discrimination of equivalent stacks .. TIME = 0.030112 seconds
Conversion to JAM format:
00001) +0+0+0/+P+P+P/-P-P-P
.
.
00021) +0-P-P/-P+0+P/+P+P+0
See all JAM strings at jamstrings003.txt

